
> safetyshoe-frontend@1.0.0 dev
> next dev

  â–² Next.js 14.2.33
  - Local:        http://localhost:3003

 âœ“ Starting...
 âœ“ Ready in 2.2s
 â—‹ Compiling /_not-found ...
 âœ“ Compiled /_not-found in 3.2s (579 modules)
 âœ“ Compiled in 113ms (287 modules)
 âš  Fast Refresh had to perform a full reload due to a runtime error.
 GET /_next/static/webpack/abd4aec3fd58fb85.webpack.hot-update.json 404 in 3551ms
 â¨¯ ./src/components/FAQAndContact.tsx
Error: 
  [31mx[0m Unexpected token `section`. Expected jsx identifier
    ,-[[36;1;4m/Users/zhengpeilong/1-æ­£å¼é¡¹ç›®/2-ç™»æ³°ç½‘ç«™/safetyshoe-frontend/src/components/FAQAndContact.tsx[0m:70:1]
 [2m70[0m |   };
 [2m71[0m | 
 [2m72[0m |   return (
 [2m73[0m |     <section className="py-16 px-4 bg-gray-50">
    : [31;1m     ^^^^^^^[0m
 [2m74[0m |       <div className="max-w-7xl mx-auto">
 [2m75[0m |         <div className="grid grid-cols-1 lg:grid-cols-2 gap-12">
 [2m76[0m |           {/* Left: FAQ */}
    `----

Caused by:
    Syntax Error

Import trace for requested module:
./src/components/FAQAndContact.tsx
./src/app/page.tsx
 â—‹ Compiling / ...
 â¨¯ ./src/components/FAQAndContact.tsx
Error: 
  [31mx[0m Unexpected token `section`. Expected jsx identifier
    ,-[[36;1;4m/Users/zhengpeilong/1-æ­£å¼é¡¹ç›®/2-ç™»æ³°ç½‘ç«™/safetyshoe-frontend/src/components/FAQAndContact.tsx[0m:70:1]
 [2m70[0m |   };
 [2m71[0m | 
 [2m72[0m |   return (
 [2m73[0m |     <section className="py-16 px-4 bg-gray-50">
    : [31;1m     ^^^^^^^[0m
 [2m74[0m |       <div className="max-w-7xl mx-auto">
 [2m75[0m |         <div className="grid grid-cols-1 lg:grid-cols-2 gap-12">
 [2m76[0m |           {/* Left: FAQ */}
    `----

Caused by:
    Syntax Error

Import trace for requested module:
./src/components/FAQAndContact.tsx
./src/app/page.tsx
 GET / 500 in 1272ms
 âš  Fast Refresh had to perform a full reload due to a runtime error.
 GET /_next/static/webpack/abd4aec3fd58fb85.webpack.hot-update.json 500 in 600ms
 HEAD / 500 in 12ms
 GET / 500 in 14ms
 GET / 500 in 10ms
 GET /_next/static/webpack/abd4aec3fd58fb85.webpack.hot-update.json 500 in 7ms
 âš  Fast Refresh had to perform a full reload due to a runtime error.
 âœ“ Compiled /_error in 491ms (863 modules)
 GET / 200 in 762ms
 HEAD / 200 in 232ms
 GET / 200 in 256ms
 GET /favicon.ico 404 in 243ms
 GET / 200 in 262ms
 GET /favicon.ico 404 in 229ms
 GET / 200 in 245ms
 GET / 200 in 255ms
 GET /favicon.ico 404 in 232ms
 GET / 200 in 256ms
 GET /favicon.ico 404 in 236ms
 GET / 200 in 248ms
 GET /favicon.ico 404 in 228ms
 GET / 200 in 235ms
 GET / 200 in 240ms
 GET / 200 in 229ms
 GET / 200 in 222ms
 GET / 200 in 226ms
 GET / 200 in 230ms
 âœ“ Compiled in 410ms (863 modules)
 âœ“ Compiled in 421ms (863 modules)
 âœ“ Compiled in 445ms (860 modules)
 âœ“ Compiled in 739ms (860 modules)
 âœ“ Compiled in 269ms (860 modules)
 âœ“ Compiled /_not-found in 118ms (849 modules)
 GET /products 404 in 280ms
 âœ“ Compiled in 271ms (863 modules)
 GET /products 404 in 249ms
 GET / 200 in 250ms
 âœ“ Compiled in 194ms (863 modules)
 GET /about 404 in 265ms
 GET / 200 in 256ms
 GET /about 404 in 239ms
 GET /oem 404 in 239ms
 GET / 200 in 275ms
 GET /contact 404 in 232ms
 GET / 200 in 245ms
 âœ“ Compiled in 617ms (863 modules)
 âœ“ Compiled in 508ms (863 modules)
 GET / 200 in 317ms
 GET /favicon.ico 404 in 235ms
 GET /contact 404 in 239ms
 âœ“ Compiled in 577ms (863 modules)
 âœ“ Compiled in 459ms (863 modules)
 âœ“ Compiled in 420ms (863 modules)
 GET /oem 404 in 292ms
 âœ“ Compiled in 529ms (863 modules)
 GET /oem 404 in 254ms
 âœ“ Compiled in 186ms (863 modules)
 GET /oem 404 in 242ms
 âœ“ Compiled in 125ms (507 modules)
 GET /oem 404 in 222ms
 âš  Found a change in next.config.js. Restarting the server to apply the changes...
  â–² Next.js 14.2.33
  - Local:        http://localhost:3003

 âœ“ Starting...
 âœ“ Ready in 2s
 âš  Found a change in next.config.js. Restarting the server to apply the changes...
  â–² Next.js 14.2.33
  - Local:        http://localhost:3003

 âœ“ Starting...
 âœ“ Ready in 1855ms
 â—‹ Compiling / ...
 âœ“ Compiled / in 4.7s (634 modules)
 â—‹ Compiling /_not-found ...
 âœ“ Compiled /_not-found in 882ms (628 modules)
 â¨¯ Error: Cannot find module '/Users/zhengpeilong/1-æ­£å¼é¡¹ç›®/2-ç™»æ³°ç½‘ç«™/safetyshoe-frontend/.next/server/middleware-manifest.json'
Require stack:
- /Users/zhengpeilong/1-æ­£å¼é¡¹ç›®/2-ç™»æ³°ç½‘ç«™/safetyshoe-frontend/node_modules/next/dist/server/next-server.js
- /Users/zhengpeilong/1-æ­£å¼é¡¹ç›®/2-ç™»æ³°ç½‘ç«™/safetyshoe-frontend/node_modules/next/dist/server/dev/next-dev-server.js
- /Users/zhengpeilong/1-æ­£å¼é¡¹ç›®/2-ç™»æ³°ç½‘ç«™/safetyshoe-frontend/node_modules/next/dist/server/next.js
- /Users/zhengpeilong/1-æ­£å¼é¡¹ç›®/2-ç™»æ³°ç½‘ç«™/safetyshoe-frontend/node_modules/next/dist/server/lib/start-server.js
    at Function.<anonymous> (node:internal/modules/cjs/loader:1401:15)
    at /Users/zhengpeilong/1-æ­£å¼é¡¹ç›®/2-ç™»æ³°ç½‘ç«™/safetyshoe-frontend/node_modules/next/dist/server/require-hook.js:55:36
    at defaultResolveImpl (node:internal/modules/cjs/loader:1057:19)
    at resolveForCJSWithHooks (node:internal/modules/cjs/loader:1062:22)
    at Function._load (node:internal/modules/cjs/loader:1211:37)
    at TracingChannel.traceSync (node:diagnostics_channel:322:14)
    at wrapModuleLoad (node:internal/modules/cjs/loader:235:24)
    at Module.<anonymous> (node:internal/modules/cjs/loader:1487:12)
    at mod.require (/Users/zhengpeilong/1-æ­£å¼é¡¹ç›®/2-ç™»æ³°ç½‘ç«™/safetyshoe-frontend/node_modules/next/dist/server/require-hook.js:65:28)
    at require (node:internal/modules/helpers:135:16)
    at DevServer.getMiddlewareManifest (/Users/zhengpeilong/1-æ­£å¼é¡¹ç›®/2-ç™»æ³°ç½‘ç«™/safetyshoe-frontend/node_modules/next/dist/server/next-server.js:938:26)
    at DevServer.getEdgeFunctionsPages (/Users/zhengpeilong/1-æ­£å¼é¡¹ç›®/2-ç™»æ³°ç½‘ç«™/safetyshoe-frontend/node_modules/next/dist/server/next-server.js:954:31)
    at DevServer.renderErrorToResponseImpl (/Users/zhengpeilong/1-æ­£å¼é¡¹ç›®/2-ç™»æ³°ç½‘ç«™/safetyshoe-frontend/node_modules/next/dist/server/next-server.js:913:22)
    at async DevServer.pipeImpl (/Users/zhengpeilong/1-æ­£å¼é¡¹ç›®/2-ç™»æ³°ç½‘ç«™/safetyshoe-frontend/node_modules/next/dist/server/base-server.js:922:25)
    at async NextNodeServer.handleCatchallRenderRequest (/Users/zhengpeilong/1-æ­£å¼é¡¹ç›®/2-ç™»æ³°ç½‘ç«™/safetyshoe-frontend/node_modules/next/dist/server/next-server.js:231:21)
    at async DevServer.handleRequestImpl (/Users/zhengpeilong/1-æ­£å¼é¡¹ç›®/2-ç™»æ³°ç½‘ç«™/safetyshoe-frontend/node_modules/next/dist/server/base-server.js:818:17)
    at async /Users/zhengpeilong/1-æ­£å¼é¡¹ç›®/2-ç™»æ³°ç½‘ç«™/safetyshoe-frontend/node_modules/next/dist/server/dev/next-dev-server.js:339:20
    at async Span.traceAsyncFn (/Users/zhengpeilong/1-æ­£å¼é¡¹ç›®/2-ç™»æ³°ç½‘ç«™/safetyshoe-frontend/node_modules/next/dist/trace/trace.js:154:20)
    at async DevServer.handleRequest (/Users/zhengpeilong/1-æ­£å¼é¡¹ç›®/2-ç™»æ³°ç½‘ç«™/safetyshoe-frontend/node_modules/next/dist/server/dev/next-dev-server.js:336:24)
    at async invokeRender (/Users/zhengpeilong/1-æ­£å¼é¡¹ç›®/2-ç™»æ³°ç½‘ç«™/safetyshoe-frontend/node_modules/next/dist/server/lib/router-server.js:179:21)
    at async handleRequest (/Users/zhengpeilong/1-æ­£å¼é¡¹ç›®/2-ç™»æ³°ç½‘ç«™/safetyshoe-frontend/node_modules/next/dist/server/lib/router-server.js:359:24)
    at async requestHandlerImpl (/Users/zhengpeilong/1-æ­£å¼é¡¹ç›®/2-ç™»æ³°ç½‘ç«™/safetyshoe-frontend/node_modules/next/dist/server/lib/router-server.js:383:13)
    at async Server.requestListener (/Users/zhengpeilong/1-æ­£å¼é¡¹ç›®/2-ç™»æ³°ç½‘ç«™/safetyshoe-frontend/node_modules/next/dist/server/lib/start-server.js:141:13) {
  code: 'MODULE_NOT_FOUND',
  requireStack: [
    '/Users/zhengpeilong/1-æ­£å¼é¡¹ç›®/2-ç™»æ³°ç½‘ç«™/safetyshoe-frontend/node_modules/next/dist/server/next-server.js',
    '/Users/zhengpeilong/1-æ­£å¼é¡¹ç›®/2-ç™»æ³°ç½‘ç«™/safetyshoe-frontend/node_modules/next/dist/server/dev/next-dev-server.js',
    '/Users/zhengpeilong/1-æ­£å¼é¡¹ç›®/2-ç™»æ³°ç½‘ç«™/safetyshoe-frontend/node_modules/next/dist/server/next.js',
    '/Users/zhengpeilong/1-æ­£å¼é¡¹ç›®/2-ç™»æ³°ç½‘ç«™/safetyshoe-frontend/node_modules/next/dist/server/lib/start-server.js'
  ]
}
 âœ“ Compiled /_error in 474ms (849 modules)
 âœ“ Compiled in 290ms (863 modules)
 âœ“ Compiled in 180ms (863 modules)
 âœ“ Compiled in 264ms (863 modules)
 âœ“ Compiled in 389ms (863 modules)
 âœ“ Compiled in 771ms (849 modules)
 âœ“ Compiled in 79ms (538 modules)
 âš  Found a change in next.config.js. Restarting the server to apply the changes...
/Users/zhengpeilong/1-æ­£å¼é¡¹ç›®/2-ç™»æ³°ç½‘ç«™/safetyshoe-frontend/node_modules/next/dist/server/config.js:271
            throw new Error('Specified "i18n" cannot be used with "output: export". See more info here: https://nextjs.org/docs/messages/export-no-i18n');
                  ^

Error: Specified "i18n" cannot be used with "output: export". See more info here: https://nextjs.org/docs/messages/export-no-i18n
    at assignDefaults (/Users/zhengpeilong/1-æ­£å¼é¡¹ç›®/2-ç™»æ³°ç½‘ç«™/safetyshoe-frontend/node_modules/next/dist/server/config.js:271:19)
    at loadConfig (/Users/zhengpeilong/1-æ­£å¼é¡¹ç›®/2-ç™»æ³°ç½‘ç«™/safetyshoe-frontend/node_modules/next/dist/server/config.js:782:32)
    at async getStartServerInfo (/Users/zhengpeilong/1-æ­£å¼é¡¹ç›®/2-ç™»æ³°ç½‘ç«™/safetyshoe-frontend/node_modules/next/dist/server/lib/app-info-log.js:93:5)
    at async Server.<anonymous> (/Users/zhengpeilong/1-æ­£å¼é¡¹ç›®/2-ç™»æ³°ç½‘ç«™/safetyshoe-frontend/node_modules/next/dist/server/lib/start-server.js:210:41)

Node.js v22.16.0
[?25h
